<?xml version="1.0" encoding="UTF-8" ?>
<testsuite tests="1" failures="0" name="com.strandlie.lambda.person.UpdatePersonAPIHandlerTest" time="0.011" errors="1" skipped="0">
  <properties>
[...]
</properties>
  <testcase classname="com.strandlie.lambda.person.UpdatePersonAPIHandlerTest" name="testUpdatePersonAPIHandler" time="0.011">
    <error message="DatabaseError: Could not add the person to the database 
ErrorMessage: java.sql.SQLException: No suitable driver found for jdbc:sqlite:/Users/hstrandlie/Documents/AppDevelopment/WishList/Lambda/Eclipse/lambda-workspace/personHandlers/src/main/resources/database.db" type="exceptions.DatabaseErrorException">exceptions.DatabaseErrorException: DatabaseError: Could not add the person to the database 
ErrorMessage: java.sql.SQLException: No suitable driver found for jdbc:sqlite:/Users/hstrandlie/Documents/AppDevelopment/WishList/Lambda/Eclipse/lambda-workspace/personHandlers/src/main/resources/database.db
	at com.strandlie.lambda.person.AddPersonAPIHandler.handleRequest(AddPersonAPIHandler.java:49)
	at com.strandlie.lambda.person.UpdatePersonAPIHandlerTest.setupInitialDatabase(UpdatePersonAPIHandlerTest.java:69)
	at com.strandlie.lambda.person.UpdatePersonAPIHandlerTest.testUpdatePersonAPIHandler(UpdatePersonAPIHandlerTest.java:88)
	at java.base/jdk.internal.reflect.NativeMethodAccessorImpl.invoke0(Native Method)
	at java.base/jdk.internal.reflect.NativeMethodAccessorImpl.invoke(NativeMethodAccessorImpl.java:62)
	at java.base/jdk.internal.reflect.DelegatingMethodAccessorImpl.invoke(DelegatingMethodAccessorImpl.java:43)
	at java.base/java.lang.reflect.Method.invoke(Method.java:564)
	at org.junit.runners.model.FrameworkMethod$1.runReflectiveCall(FrameworkMethod.java:50)
	at org.junit.internal.runners.model.ReflectiveCallable.run(ReflectiveCallable.java:12)
	at org.junit.runners.model.FrameworkMethod.invokeExplosively(FrameworkMethod.java:47)
	at org.junit.internal.runners.statements.InvokeMethod.evaluate(InvokeMethod.java:17)
	at org.junit.runners.ParentRunner.runLeaf(ParentRunner.java:325)
	at org.junit.runners.BlockJUnit4ClassRunner.runChild(BlockJUnit4ClassRunner.java:78)
	at org.junit.runners.BlockJUnit4ClassRunner.runChild(BlockJUnit4ClassRunner.java:57)
	at org.junit.runners.ParentRunner$3.run(ParentRunner.java:290)
	at org.junit.runners.ParentRunner$1.schedule(ParentRunner.java:71)
	at org.junit.runners.ParentRunner.runChildren(ParentRunner.java:288)
	at org.junit.runners.ParentRunner.access$000(ParentRunner.java:58)
	at org.junit.runners.ParentRunner$2.evaluate(ParentRunner.java:268)
	at org.junit.internal.runners.statements.RunBefores.evaluate(RunBefores.java:26)
	at org.junit.runners.ParentRunner.run(ParentRunner.java:363)
	at org.apache.maven.surefire.junit4.JUnit4Provider.execute(JUnit4Provider.java:252)
	at org.apache.maven.surefire.junit4.JUnit4Provider.executeTestSet(JUnit4Provider.java:141)
	at org.apache.maven.surefire.junit4.JUnit4Provider.invoke(JUnit4Provider.java:112)
	at java.base/jdk.internal.reflect.NativeMethodAccessorImpl.invoke0(Native Method)
	at java.base/jdk.internal.reflect.NativeMethodAccessorImpl.invoke(NativeMethodAccessorImpl.java:62)
	at java.base/jdk.internal.reflect.DelegatingMethodAccessorImpl.invoke(DelegatingMethodAccessorImpl.java:43)
	at java.base/java.lang.reflect.Method.invoke(Method.java:564)
	at org.apache.maven.surefire.util.ReflectionUtils.invokeMethodWithArray(ReflectionUtils.java:189)
	at org.apache.maven.surefire.booter.ProviderFactory$ProviderProxy.invoke(ProviderFactory.java:165)
	at org.apache.maven.surefire.booter.ProviderFactory.invokeProvider(ProviderFactory.java:85)
	at org.apache.maven.surefire.booter.ForkedBooter.runSuitesInProcess(ForkedBooter.java:115)
	at org.apache.maven.surefire.booter.ForkedBooter.main(ForkedBooter.java:75)
</error>
    <system-err>java.sql.SQLException: No suitable driver found for jdbc:sqlite:/Users/hstrandlie/Documents/AppDevelopment/WishList/Lambda/Eclipse/lambda-workspace/personHandlers/src/main/resources/database.db
	at java.sql/java.sql.DriverManager.getConnection(DriverManager.java:703)
	at java.sql/java.sql.DriverManager.getConnection(DriverManager.java:229)
	at com.strandlie.lambda.person.UpdatePersonAPIHandlerTest.createDatabase(UpdatePersonAPIHandlerTest.java:31)
	at java.base/jdk.internal.reflect.NativeMethodAccessorImpl.invoke0(Native Method)
	at java.base/jdk.internal.reflect.NativeMethodAccessorImpl.invoke(NativeMethodAccessorImpl.java:62)
	at java.base/jdk.internal.reflect.DelegatingMethodAccessorImpl.invoke(DelegatingMethodAccessorImpl.java:43)
	at java.base/java.lang.reflect.Method.invoke(Method.java:564)
	at org.junit.runners.model.FrameworkMethod$1.runReflectiveCall(FrameworkMethod.java:50)
	at org.junit.internal.runners.model.ReflectiveCallable.run(ReflectiveCallable.java:12)
	at org.junit.runners.model.FrameworkMethod.invokeExplosively(FrameworkMethod.java:47)
	at org.junit.internal.runners.statements.RunBefores.evaluate(RunBefores.java:24)
	at org.junit.runners.ParentRunner.run(ParentRunner.java:363)
	at org.apache.maven.surefire.junit4.JUnit4Provider.execute(JUnit4Provider.java:252)
	at org.apache.maven.surefire.junit4.JUnit4Provider.executeTestSet(JUnit4Provider.java:141)
	at org.apache.maven.surefire.junit4.JUnit4Provider.invoke(JUnit4Provider.java:112)
	at java.base/jdk.internal.reflect.NativeMethodAccessorImpl.invoke0(Native Method)
	at java.base/jdk.internal.reflect.NativeMethodAccessorImpl.invoke(NativeMethodAccessorImpl.java:62)
	at java.base/jdk.internal.reflect.DelegatingMethodAccessorImpl.invoke(DelegatingMethodAccessorImpl.java:43)
	at java.base/java.lang.reflect.Method.invoke(Method.java:564)
	at org.apache.maven.surefire.util.ReflectionUtils.invokeMethodWithArray(ReflectionUtils.java:189)
	at org.apache.maven.surefire.booter.ProviderFactory$ProviderProxy.invoke(ProviderFactory.java:165)
	at org.apache.maven.surefire.booter.ProviderFactory.invokeProvider(ProviderFactory.java:85)
	at org.apache.maven.surefire.booter.ForkedBooter.runSuitesInProcess(ForkedBooter.java:115)
	at org.apache.maven.surefire.booter.ForkedBooter.main(ForkedBooter.java:75)
Received create request with values: 
firstName: Marte
lastName: Sivesind
phoneNr: 12345678
pictureURL: skjdla.iitjhja.hgb
email: tull@tull.no


Database error: java.sql.SQLException: No suitable driver found for jdbc:sqlite:/Users/hstrandlie/Documents/AppDevelopment/WishList/Lambda/Eclipse/lambda-workspace/personHandlers/src/main/resources/database.db
</system-err>
  </testcase>
</testsuite>